<?xml version="1.0" encoding="UTF-8"?>
<!-- Generated by org.testng.reporters.JUnitXMLReporter -->
<testsuite hostname="ISIPL-PUNV-L097" name="Surefire test" tests="5" failures="0" timestamp="10 Jan 2019 11:27:17 GMT" time="44.073" errors="0">
  <testcase name="loginToApp" time="5.205" classname="Testcases.Suite1Test"/>
  <testcase name="SearchProduct" time="3.04" classname="Testcases.Suite1Test"/>
  <testcase name="addToCart" time="7.416" classname="Testcases.Suite1Test"/>
  <testcase name="add" time="0.001" classname="Testcases.Suite2Test"/>
  <testcase name="sub" time="0.0" classname="Testcases.Suite2Test"/>
</testsuite> <!-- Surefire test -->
